<?xml version="1.0" encoding="UTF-8"?>
<!-- Generated by org.testng.reporters.JUnitReportReporter -->
<testsuite hostname="Sahana" name="com.vmetry.ntltaxi.testcases.HomePageTest" tests="3" failures="0" timestamp="23 Sep 2016 04:21:20 GMT" time="18.291" errors="0">
  <testcase name="validateHomepage" time="13.200" classname="com.vmetry.ntltaxi.testcases.HomePageTest"/>
  <testcase name="validateHomepage" time="2.291" classname="com.vmetry.ntltaxi.testcases.HomePageTest"/>
  <testcase name="validateHomepage" time="2.800" classname="com.vmetry.ntltaxi.testcases.HomePageTest"/>
</testsuite> <!-- com.vmetry.ntltaxi.testcases.HomePageTest -->
