<?xml version="1.0" encoding="UTF-8"?>
<!-- Generated by org.testng.reporters.JUnitReportReporter -->
<testsuite hostname="Sahana" name="Temp.reportTest" tests="3" failures="0" timestamp="24 Sep 2016 07:05:12 GMT" time="323.682" errors="0">
  <testcase name="googleTest" time="15.704" classname="Temp.reportTest"/>
  <testcase name="bingTest" time="12.246" classname="Temp.reportTest"/>
  <testcase name="yahooTest" time="295.732" classname="Temp.reportTest"/>
</testsuite> <!-- Temp.reportTest -->
