<?xml version="1.0" encoding="UTF-8"?>
<!-- Generated by org.testng.reporters.JUnitReportReporter -->
<testsuite hostname="Sahana" name="com.vmetry.ntltaxi.initializer.initializer" tests="1" failures="0" timestamp="21 Sep 2016 03:31:25 GMT" time="0.016" errors="0">
  <testcase name="initialize" time="0.016" classname="com.vmetry.ntltaxi.initializer.initializer"/>
</testsuite> <!-- com.vmetry.ntltaxi.initializer.initializer -->
